mod	trans_guid	split_guid	time_now	date_entered	date_posted	acc_guid	acc_name	num	description	notes	memo	action	reconciled	amount	value	date_reconciled
-----------------
===== START
===== END
===== START
===== END
===== START
B	7624bb03fb8842719baeeb40ed664e70	31dda28a46074df0a8da81496871e08e	2025-11-20 15:15:13	2025-11-19 07:42:14	2025-11-19 10:59:00	9157011e74b24eb0bbcf84c24436c996	电子设备		华硕天选5pro				n	800000/100	800000/100	1970-01-01 00:00:00
B	7624bb03fb8842719baeeb40ed664e70	54d673ac661b47538d5a1c18bf82a792	2025-11-20 15:15:13	2025-11-19 07:42:14	2025-11-19 10:59:00	3627b63d8f264acaaa94eb1c0400e0e6	期初余额		华硕天选5pro				n	-800000/100	-800000/100	1970-01-01 00:00:00
===== END
===== START
C	7624bb03fb8842719baeeb40ed664e70	31dda28a46074df0a8da81496871e08e	2025-11-20 15:15:13	2025-11-19 07:42:14	2024-12-15 10:59:00	9157011e74b24eb0bbcf84c24436c996	电子设备		华硕天选5pro				n	800000/100	800000/100	1970-01-01 00:00:00
C	7624bb03fb8842719baeeb40ed664e70	54d673ac661b47538d5a1c18bf82a792	2025-11-20 15:15:13	2025-11-19 07:42:14	2024-12-15 10:59:00	3627b63d8f264acaaa94eb1c0400e0e6	期初余额		华硕天选5pro				n	-800000/100	-800000/100	1970-01-01 00:00:00
===== END
===== START
B	7624bb03fb8842719baeeb40ed664e70	31dda28a46074df0a8da81496871e08e	2025-11-20 15:15:29	2025-11-19 07:42:14	2024-12-15 10:59:00	9157011e74b24eb0bbcf84c24436c996	电子设备		华硕天选5pro				n	800000/100	800000/100	1970-01-01 00:00:00
B	7624bb03fb8842719baeeb40ed664e70	54d673ac661b47538d5a1c18bf82a792	2025-11-20 15:15:29	2025-11-19 07:42:14	2024-12-15 10:59:00	3627b63d8f264acaaa94eb1c0400e0e6	期初余额		华硕天选5pro				n	-800000/100	-800000/100	1970-01-01 00:00:00
===== END
===== START
C	7624bb03fb8842719baeeb40ed664e70	31dda28a46074df0a8da81496871e08e	2025-11-20 15:15:29	2025-11-19 07:42:14	2024-12-15 10:59:00	9157011e74b24eb0bbcf84c24436c996	电子设备		华硕天选5pro				n	749800/100	749800/100	1970-01-01 00:00:00
C	7624bb03fb8842719baeeb40ed664e70	54d673ac661b47538d5a1c18bf82a792	2025-11-20 15:15:29	2025-11-19 07:42:14	2024-12-15 10:59:00	3627b63d8f264acaaa94eb1c0400e0e6	期初余额		华硕天选5pro				n	-749800/100	-749800/100	1970-01-01 00:00:00
===== END
