mod	trans_guid	split_guid	time_now	date_entered	date_posted	acc_guid	acc_name	num	description	notes	memo	action	reconciled	amount	value	date_reconciled
-----------------
===== START
C	aa747896760443e587af85a361d2bc7a	5f27a93b78b446babd9765fd79434aa4	2025-12-02 13:51:34	2025-12-02 13:51:34	2025-11-28 10:59:00	009bbba326a84918ba422550433d1137	活期存款		利息0.04				n	4/100	4/100	1970-01-01 00:00:00
C	aa747896760443e587af85a361d2bc7a	237661b109c247ebab2768810922092b	2025-12-02 13:51:34	2025-12-02 13:51:34	2025-11-28 10:59:00	23427c019f2e484dbc07b048b0740dc0	活期利息		利息0.04				n	-4/100	-4/100	1970-01-01 00:00:00
===== END
===== START
===== END
===== START
C	6c34e96f04cb4368991ab0548767d472	ee6d514955dd435c954734311aa88e53	2025-12-02 13:51:41	2025-12-02 13:51:41	2025-11-29 10:59:00	009bbba326a84918ba422550433d1137	活期存款		利息0.04				n	4/100	4/100	1970-01-01 00:00:00
C	6c34e96f04cb4368991ab0548767d472	96f0128207314115b4f8190fd0d85900	2025-12-02 13:51:41	2025-12-02 13:51:41	2025-11-29 10:59:00	23427c019f2e484dbc07b048b0740dc0	活期利息		利息0.04				n	-4/100	-4/100	1970-01-01 00:00:00
===== END
===== START
===== END
===== START
C	ab6427948ca34c6aba4de69edb3aa282	f96a89b88ca44f7697315d9c2562bd4e	2025-12-02 13:51:47	2025-12-02 13:51:47	2025-11-30 10:59:00	009bbba326a84918ba422550433d1137	活期存款		利息0.04				n	4/100	4/100	1970-01-01 00:00:00
C	ab6427948ca34c6aba4de69edb3aa282	afcb5cc43d764c3c8c5be7d8ca5b159d	2025-12-02 13:51:47	2025-12-02 13:51:47	2025-11-30 10:59:00	23427c019f2e484dbc07b048b0740dc0	活期利息		利息0.04				n	-4/100	-4/100	1970-01-01 00:00:00
===== END
===== START
===== END
===== START
C	b516daaeea8543e2a7ea389f3fd98e4e	5470677c28a948aa98909301ee341d8e	2025-12-02 13:51:54	2025-12-02 13:51:54	2025-12-01 10:59:00	009bbba326a84918ba422550433d1137	活期存款		利息0.04				n	4/100	4/100	1970-01-01 00:00:00
C	b516daaeea8543e2a7ea389f3fd98e4e	a9dc437b91e046bdace59416efa2af5d	2025-12-02 13:51:54	2025-12-02 13:51:54	2025-12-01 10:59:00	23427c019f2e484dbc07b048b0740dc0	活期利息		利息0.04				n	-4/100	-4/100	1970-01-01 00:00:00
===== END
===== START
===== END
===== START
C	93cb80b50b4849bca3149d974861c225	f46f9269cf3542e0ae4131c4f4fad89f	2025-12-02 13:51:59	2025-12-02 13:51:59	2025-12-02 10:59:00	009bbba326a84918ba422550433d1137	活期存款		利息0.04				n	4/100	4/100	1970-01-01 00:00:00
C	93cb80b50b4849bca3149d974861c225	079798f257004807842182192c6c6afd	2025-12-02 13:51:59	2025-12-02 13:51:59	2025-12-02 10:59:00	23427c019f2e484dbc07b048b0740dc0	活期利息		利息0.04				n	-4/100	-4/100	1970-01-01 00:00:00
===== END
===== START
===== END
