mod	trans_guid	split_guid	time_now	date_entered	date_posted	acc_guid	acc_name	num	description	notes	memo	action	reconciled	amount	value	date_reconciled
-----------------
===== START
D	dea6cda3a65c41e5a7a288ba4ffd8b97	402513ae751a4639aafdb2fbcd77e6fa	2025-12-19 13:49:23	2025-12-19 13:49:23	2025-12-06 10:59:00								n	0/1	0/100	1970-01-01 00:00:00
===== END
===== START
D	1bf985f8dc3b48c58ef9c583e5e49599	a267f5e264074b419e32084e82689df8	2025-12-19 13:49:23	2025-12-19 13:49:23	2025-12-19 10:59:00								n	0/1	0/100	1970-01-01 00:00:00
===== END
===== START
D	2b9047522ec8429eb9e091667744be0e	3e475f0c262f441dac1b4cc6de715985	2025-12-19 13:49:23	2025-12-19 13:49:23	2025-12-19 10:59:00								n	0/1	0/100	1970-01-01 00:00:00
===== END
===== START
D	9955ba29584348129b30d0176b148d2c	6c1f02f72970410292ad487f1d4cec35	2025-12-19 13:49:23	2025-12-19 13:49:23	2025-12-19 10:59:00								n	0/1	0/100	1970-01-01 00:00:00
===== END
===== START
D	acf70e23c8e04ac9a699632fc2c5073e	bdeb660b555545f7a5425c6281e8a091	2025-12-19 13:49:23	2025-12-19 13:49:23	2025-12-19 10:59:00								n	0/1	0/100	1970-01-01 00:00:00
===== END
===== START
D	b0b1234acbc5417e90725c1bafbaf05b	ecda9dc9853c42b9ad921de7f4920c8d	2025-12-19 13:49:23	2025-12-19 13:49:23	2025-12-19 10:59:00								n	0/1	0/100	1970-01-01 00:00:00
===== END
===== START
D	b4a75a23f660414390159142869c708a	6b07aa86fa7d4d769fb4826fc9205498	2025-12-19 13:49:23	2025-12-19 13:49:23	2025-12-19 10:59:00								n	0/1	0/100	1970-01-01 00:00:00
===== END
===== START
D	22769d4ba2724d0192c93071cb5d4776	79a927fefdfe4da99edc60429796a476	2025-12-19 13:49:23	2025-12-19 13:49:23	2025-12-19 10:59:00								n	0/1	0/100	1970-01-01 00:00:00
===== END
===== START
D	ee5c6b9ecadd41fa9d008ab4930e77b4	f98f7e212b294d718134c0f3eb82874e	2025-12-19 13:49:23	2025-12-19 13:49:23	2025-12-19 10:59:00								n	0/1	0/100	1970-01-01 00:00:00
===== END
===== START
D	10c05850b9d6460aa84085ec99497845	a3ddc157708043eea119de4d44880c67	2025-12-19 13:49:23	2025-12-19 13:49:23	2025-12-19 10:59:00								n	0/1	0/100	1970-01-01 00:00:00
===== END
===== START
D	5aa1b3163ee44ca8b98057545eff4af1	e54c2c9f13c542ed841eeed62882c9dc	2025-12-19 13:49:23	2025-12-19 13:49:23	2025-12-19 10:59:00								n	0/1	0/100	1970-01-01 00:00:00
===== END
===== START
D	8e26b838e21f455f91723aef64edb59c	5ae6022c9609449d84ee37e45acb4f74	2025-12-19 13:49:23	2025-12-19 13:49:23	2025-12-19 10:59:00								n	0/1	0/100	1970-01-01 00:00:00
===== END
===== START
D	04079c987aa944d991471f6532f8a6be	ae57614123434c1cb4f917ef02ae5880	2025-12-19 13:49:23	2025-12-19 13:49:23	2025-12-19 10:59:00								n	0/1	0/100	1970-01-01 00:00:00
===== END
===== START
D	af5c0302232c4c709f59f703518ce812	cb95229530364821b6181793ab661167	2025-12-19 13:49:23	2025-12-19 13:49:23	2025-12-06 10:59:00								n	0/1	0/100	1970-01-01 00:00:00
===== END
