mod	trans_guid	split_guid	time_now	date_entered	date_posted	acc_guid	acc_name	num	description	notes	memo	action	reconciled	amount	value	date_reconciled
-----------------
===== START
===== END
===== START
===== END
===== START
===== END
===== START
===== END
===== START
D	035d90408a744f56ac6458a5e6776f70	8d860a173e5d4105a22f2754de0d4d8d	2025-11-26 02:54:43	2025-11-26 02:54:43	2025-11-26 10:59:00								n	0/1	0/100	1970-01-01 00:00:00
===== END
===== START
D	bbdf630e430341d98c977a621889cd0c	204d2fbbc1254f11bf071982193b8a1b	2025-11-26 02:54:44	2025-11-26 02:54:44	2025-11-26 10:59:00								n	0/1	0/100	1970-01-01 00:00:00
===== END
===== START
D	d4e0817b7ac14e2c87dac8906665e9d0	e52c7b37fba44cd094384d7ed7970be2	2025-11-26 02:54:47	2025-11-26 02:54:47	2025-11-26 10:59:00								n	0/1	0/100	1970-01-01 00:00:00
===== END
===== START
D	fabe137bb1e04a4aa220d3d18bd508fb	2a58201d23d84143a7741e88166a2507	2025-11-26 02:54:49	2025-11-26 02:54:49	2025-11-26 10:59:00								n	0/1	0/100	1970-01-01 00:00:00
===== END
===== START
===== END
===== START
D	080ee40309d04e46923e527160001ad5	1ecf1a00a0264d57a9b390dd367c0c98	2025-11-26 02:55:27	2025-11-26 02:55:27	2025-11-26 10:59:00								n	0/1	0/100	1970-01-01 00:00:00
===== END
