mod	trans_guid	split_guid	time_now	date_entered	date_posted	acc_guid	acc_name	num	description	notes	memo	action	reconciled	amount	value	date_reconciled
-----------------
===== START
===== END
===== START
D	af056865344549e7acda4dfbac4798c8	c1c988e43bd349f7952ae28af005be03	2025-12-02 13:52:18	2025-12-02 13:52:18	2025-12-02 10:59:00								n	0/1	0/100	1970-01-01 00:00:00
===== END
===== START
D	99ff78a2a8bd4865967d6db9ed8c4122	310f69ec19734960be44caa9b0fd6553	2025-12-02 14:43:30	2025-12-02 14:43:30	2025-12-02 10:59:00								n	0/1	0/100	1970-01-01 00:00:00
===== END
===== START
D	bfd2a4c5ac144d8db1b56c0b85467d0a	b1ec99f954f941b0aa1b43285e752e7c	2025-12-02 14:43:39	2025-12-02 14:43:39	2025-12-01 10:59:00								n	0/1	0/100	1970-01-01 00:00:00
===== END
===== START
D	85f28a27d7854cd08e25b93fc7c9288b	2c533db76f734b9a8d461d23fa7881e1	2025-12-02 14:43:39	2025-12-02 14:43:39	2025-11-29 10:59:00								n	0/1	0/100	1970-01-01 00:00:00
===== END
===== START
D	b45dc59500094bab8128e310782fb0f1	908af3c60ef449318c90813062b4c68c	2025-12-02 14:43:39	2025-12-02 14:43:39	2025-11-29 10:59:00								n	0/1	0/100	1970-01-01 00:00:00
===== END
===== START
D	a4dc1604c26145779a6ca77e6402cbdf	04545e420bd84e09a66ed294c58f96af	2025-12-02 14:43:39	2025-12-02 14:43:39	2025-11-28 10:59:00								n	0/1	0/100	1970-01-01 00:00:00
===== END
===== START
D	b73a25e47e234cb88bfe0c76b18d3dee	63f421818d5a4b8da9178e48c88ed6c2	2025-12-02 14:43:39	2025-12-02 14:43:39	2025-11-28 10:59:00								n	0/1	0/100	1970-01-01 00:00:00
===== END
===== START
D	9068000449fc4031b7e312505010354e	f4ad419f069542d287efbded17d5bd80	2025-12-02 14:43:39	2025-12-02 14:43:39	2025-12-02 10:59:00								n	0/1	0/100	1970-01-01 00:00:00
===== END
===== START
D	feed4f4276e045ed96d9beddf762f3d1	563dadf176234d338652d85684f39fde	2025-12-02 14:43:39	2025-12-02 14:43:39	2025-12-02 10:59:00								n	0/1	0/100	1970-01-01 00:00:00
===== END
===== START
D	98392892bb1a4b31bb25c57448495211	e33214d4802a4536b309df972b5d39fa	2025-12-02 14:43:39	2025-12-02 14:43:39	2025-12-02 10:59:00								n	0/1	0/100	1970-01-01 00:00:00
===== END
===== START
D	95a2163678d04c8d948efd3507d7e5ce	166a3480bd784c7cbfd5e984edca373d	2025-12-02 14:43:39	2025-12-02 14:43:39	2025-12-02 10:59:00								n	0/1	0/100	1970-01-01 00:00:00
===== END
===== START
D	f9a44e8089274e7aa35a658060d7910c	bd85f1b06c3042c59fcf3cba06c2f9ba	2025-12-02 14:43:39	2025-12-02 14:43:39	2025-12-02 10:59:00								n	0/1	0/100	1970-01-01 00:00:00
===== END
===== START
D	333563cbc8494528b356e266dca0b7e9	26c7dab8826645d8bcd8238b9a5e16a3	2025-12-02 14:43:39	2025-12-02 14:43:39	2025-12-02 10:59:00								n	0/1	0/100	1970-01-01 00:00:00
===== END
