mod	trans_guid	split_guid	time_now	date_entered	date_posted	acc_guid	acc_name	num	description	notes	memo	action	reconciled	amount	value	date_reconciled
-----------------
===== START
===== END
===== START
===== END
===== START
===== END
===== START
===== END
===== START
===== END
===== START
===== END
===== START
===== END
===== START
===== END
===== START
===== END
===== START
===== END
===== START
===== END
===== START
===== END
===== START
C	9d4a0b695f4943df9022a026509c981c	b07720aab76641b2af503f03688e69d7	2025-12-04 14:27:04	2025-12-04 14:27:04	2025-12-03 10:59:00	948843288c91401d9248b3a834309a60	伙食费		早餐4.5				n	450/100	450/100	1970-01-01 00:00:00
C	9d4a0b695f4943df9022a026509c981c	8b928a04bfa54cb9b186e8ede6886834	2025-12-04 14:27:04	2025-12-04 14:27:04	2025-12-03 10:59:00	009bbba326a84918ba422550433d1137	活期存款		早餐4.5				n	-450/100	-450/100	1970-01-01 00:00:00
===== END
===== START
===== END
===== START
C	7d65599d19d44dde9a4ce441081c77cd	1b402a645c114d1db629edaaf7e4c1ad	2025-12-04 14:27:31	2025-12-04 14:27:31	2025-12-03 10:59:00	948843288c91401d9248b3a834309a60	伙食费		午餐陕秦面条12.5				n	1250/100	1250/100	1970-01-01 00:00:00
C	7d65599d19d44dde9a4ce441081c77cd	a668c814d30e414580d59643de9495d6	2025-12-04 14:27:31	2025-12-04 14:27:31	2025-12-03 10:59:00	009bbba326a84918ba422550433d1137	活期存款		午餐陕秦面条12.5				n	-1250/100	-1250/100	1970-01-01 00:00:00
===== END
===== START
===== END
===== START
C	be3f3c1497044c4791ededc9954ea8ff	f9d6ee5104b8434d9c4e4d9f442f0418	2025-12-04 14:28:05	2025-12-04 14:28:05	2025-12-03 10:59:00	948843288c91401d9248b3a834309a60	伙食费		美团小象超市				n	3759/100	3759/100	1970-01-01 00:00:00
C	be3f3c1497044c4791ededc9954ea8ff	18208af2dc014d918f85b3d02d721871	2025-12-04 14:28:05	2025-12-04 14:28:05	2025-12-03 10:59:00	009bbba326a84918ba422550433d1137	活期存款		美团小象超市				n	-3759/100	-3759/100	1970-01-01 00:00:00
===== END
===== START
===== END
===== START
C	32146d110d1842aa8eef0a7feee94921	280643eed00645efae902867812b924c	2025-12-04 14:28:16	2025-12-04 14:28:16	2025-12-04 10:59:00	948843288c91401d9248b3a834309a60	伙食费		早餐4.5				n	450/100	450/100	1970-01-01 00:00:00
C	32146d110d1842aa8eef0a7feee94921	071c5094b0b547dab8ca1084fef81c6e	2025-12-04 14:28:16	2025-12-04 14:28:16	2025-12-04 10:59:00	009bbba326a84918ba422550433d1137	活期存款		早餐4.5				n	-450/100	-450/100	1970-01-01 00:00:00
===== END
===== START
===== END
===== START
C	f159b4e97d5d41e1bf2d3cfc95ce1817	fffe437437cf4065aaf8165854c82ff0	2025-12-04 14:28:37	2025-12-04 14:28:37	2025-12-04 10:59:00	948843288c91401d9248b3a834309a60	伙食费		午餐稻状元				n	1290/100	1290/100	1970-01-01 00:00:00
C	f159b4e97d5d41e1bf2d3cfc95ce1817	5cfab7f03da64a02b259fdf70307f599	2025-12-04 14:28:37	2025-12-04 14:28:37	2025-12-04 10:59:00	009bbba326a84918ba422550433d1137	活期存款		午餐稻状元				n	-1290/100	-1290/100	1970-01-01 00:00:00
===== END
===== START
===== END
