mod	trans_guid	split_guid	time_now	date_entered	date_posted	acc_guid	acc_name	num	description	notes	memo	action	reconciled	amount	value	date_reconciled
-----------------
===== START
D	984d73fd4b664608a5b8defcb04caa27	e730fcd0585447af86136f1295e7a03a	2025-11-25 15:17:33	2025-11-25 15:17:33	2025-11-25 10:59:00								n	0/1	0/100	1970-01-01 00:00:00
===== END
===== START
D	39fd03d483f94b0a84d7dd9bf8fa909f	0ca1fe3004f84cc9ab47766e67309157	2025-11-25 15:17:34	2025-11-25 15:17:34	2025-11-25 10:59:00								n	0/1	0/100	1970-01-01 00:00:00
===== END
===== START
D	a86767ef678c430bb60d53ba96191adb	d667edae5fff490799450dca5af3eab6	2025-11-25 15:17:46	2025-11-25 15:17:46	2025-11-25 10:59:00								n	0/1	0/100	1970-01-01 00:00:00
===== END
===== START
D	5109fff53a8f4b79b9696927f5a62338	624cba355ce24a9d9f2a3b0f5a152fb5	2025-11-25 15:17:46	2025-11-25 15:17:46	2025-11-25 10:59:00								n	0/1	0/100	1970-01-01 00:00:00
===== END
===== START
D	6e59ec5ed219404b869c1909fc12c4d8	ab96f9bd7e4c434d96e4188ee0baf887	2025-11-25 15:17:46	2025-11-25 15:17:46	2025-11-25 10:59:00								n	0/1	0/100	1970-01-01 00:00:00
===== END
===== START
D	39ccb9e1435747af8442b8e3d401579e	417a027dac45406a9d3ad3c38b9fee3f	2025-11-25 15:17:46	2025-11-25 15:17:46	2025-11-24 10:59:00								n	0/1	0/100	1970-01-01 00:00:00
===== END
===== START
D	1c1c7c0b78534552aa3dfc360759f4b9	f18f503ad2104ad8ba542c5de39997cd	2025-11-25 15:17:46	2025-11-25 15:17:46	2025-11-25 10:59:00								n	0/1	0/100	1970-01-01 00:00:00
===== END
