mod	trans_guid	split_guid	time_now	date_entered	date_posted	acc_guid	acc_name	num	description	notes	memo	action	reconciled	amount	value	date_reconciled
-----------------
===== START
===== END
===== START
===== END
===== START
===== END
===== START
===== END
===== START
===== END
===== START
C	9d06bb2a1c7a40b6a7a456d3353f08a1	431b289c0ed147e0b639750ddd99e61b	2025-11-27 12:51:01	2025-11-27 12:51:01	2025-11-27 10:59:00	948843288c91401d9248b3a834309a60	伙食费		早餐4.5				n	450/100	450/100	1970-01-01 00:00:00
C	9d06bb2a1c7a40b6a7a456d3353f08a1	0648fc7a133043f5851fafebc04b2675	2025-11-27 12:51:01	2025-11-27 12:51:01	2025-11-27 10:59:00	009bbba326a84918ba422550433d1137	活期存款		早餐4.5				n	-450/100	-450/100	1970-01-01 00:00:00
===== END
===== START
===== END
===== START
C	91ec3c5277af456da709c58cc855a331	ff53ba2b68354075938b6fe11e46a8e1	2025-11-27 12:51:25	2025-11-27 12:51:25	2025-11-27 10:59:00	948843288c91401d9248b3a834309a60	伙食费		午餐11.88				n	1188/100	1188/100	1970-01-01 00:00:00
C	91ec3c5277af456da709c58cc855a331	93109a4654ce44ddaa7a9897af7b8037	2025-11-27 12:51:25	2025-11-27 12:51:25	2025-11-27 10:59:00	009bbba326a84918ba422550433d1137	活期存款		午餐11.88				n	-1188/100	-1188/100	1970-01-01 00:00:00
===== END
===== START
===== END
