mod	trans_guid	split_guid	time_now	date_entered	date_posted	acc_guid	acc_name	num	description	notes	memo	action	reconciled	amount	value	date_reconciled
-----------------
===== START
D	158545af786d4717a34c7676158d62e5	ee68f1c5884c4de8b5b03448d2780760	2025-12-04 14:32:16	2025-12-04 14:32:16	2025-12-04 10:59:00								n	0/1	0/100	1970-01-01 00:00:00
===== END
===== START
D	5279980e45aa491f85245647957f9294	214548c9f95547ab907264ee68826163	2025-12-04 14:32:16	2025-12-04 14:32:16	2025-12-04 10:59:00								n	0/1	0/100	1970-01-01 00:00:00
===== END
===== START
D	d2551bec2e364525b03549e594f8c650	466f4d86a71f49a3b367c16fcedd01ea	2025-12-04 14:32:16	2025-12-04 14:32:16	2025-12-04 10:59:00								n	0/1	0/100	1970-01-01 00:00:00
===== END
===== START
D	08c1b8ca1201411b9e0eb61b77101f88	03b067d4ac964509bcce57c4bbb750f2	2025-12-04 14:32:16	2025-12-04 14:32:16	2025-12-04 10:59:00								n	0/1	0/100	1970-01-01 00:00:00
===== END
===== START
D	07de7fb0790a46d99d28a2d486476150	229d95f710544b59b2b907bccd404222	2025-12-04 14:32:16	2025-12-04 14:32:16	2025-12-04 10:59:00								n	0/1	0/100	1970-01-01 00:00:00
===== END
===== START
D	44874075ca804cc0bc707df4d19e1693	6ab5b0f06902462b8f55fe2abad9328c	2025-12-04 14:32:16	2025-12-04 14:32:16	2025-12-04 10:59:00								n	0/1	0/100	1970-01-01 00:00:00
===== END
===== START
D	8f84624674eb478caafcf39dcf75500c	99948d4dad8e4579a7776df239f49551	2025-12-04 14:32:16	2025-12-04 14:32:16	2025-12-04 10:59:00								n	0/1	0/100	1970-01-01 00:00:00
===== END
===== START
D	42eb313ed9694f238375686683fc44fd	af60f44d126649498d137021ef996ec0	2025-12-04 14:32:16	2025-12-04 14:32:16	2025-12-04 10:59:00								n	0/1	0/100	1970-01-01 00:00:00
===== END
===== START
D	0771cb016e594eecaeb652ea3f60ed7b	76d2e1e3de2e42daa816d9a68657fac8	2025-12-04 14:32:16	2025-12-04 14:32:16	2025-12-04 10:59:00								n	0/1	0/100	1970-01-01 00:00:00
===== END
===== START
D	39a8ddda70f84882a5d7e8e00da059e3	31552ab53d2d4887be9a40fddcb98ec5	2025-12-04 14:32:16	2025-12-04 14:32:16	2025-12-04 10:59:00								n	0/1	0/100	1970-01-01 00:00:00
===== END
===== START
D	e6aeb85a7c8e489c99a335557aa31840	06d102bec5be499f8d53892500be64ec	2025-12-04 14:32:16	2025-12-04 14:32:16	2025-12-04 10:59:00								n	0/1	0/100	1970-01-01 00:00:00
===== END
===== START
D	2d243986e87647f5bd64d41d4a4ba0cd	219d99efb96448739988c133b366dd89	2025-12-04 14:32:16	2025-12-04 14:32:16	2025-12-04 10:59:00								n	0/1	0/100	1970-01-01 00:00:00
===== END
