mod	trans_guid	split_guid	time_now	date_entered	date_posted	acc_guid	acc_name	num	description	notes	memo	action	reconciled	amount	value	date_reconciled
-----------------
===== START
D	b753bee81222497a9115d16f28432e16	029d89e47f564ccf94a8b0d37f722d7b	2025-11-27 14:47:07	2025-11-27 14:47:07	2025-11-27 10:59:00								n	0/1	0/100	1970-01-01 00:00:00
===== END
===== START
D	623b56fe899f43c3b42127f10d1c52cd	b9fd7696cbb24de8ba2cbb63ec32babe	2025-11-27 14:47:07	2025-11-27 14:47:07	2025-11-27 10:59:00								n	0/1	0/100	1970-01-01 00:00:00
===== END
===== START
D	24cf1c2f59aa494e85f8988a1de2163a	27a24ca3d34749eea3ff86c0d4317e65	2025-11-27 14:47:07	2025-11-27 14:47:07	2025-11-27 10:59:00								n	0/1	0/100	1970-01-01 00:00:00
===== END
===== START
D	5847606b696c4684a9a3f33a257a0823	b3744a741f0949d586e2177d252f8511	2025-11-27 14:47:07	2025-11-27 14:47:07	2025-11-27 10:59:00								n	0/1	0/100	1970-01-01 00:00:00
===== END
===== START
D	da7c8373a2b8429e852ff2d37c21388c	24eee270dd344140a8f42a510024d4c1	2025-11-27 14:47:07	2025-11-27 14:47:07	2025-11-27 10:59:00								n	0/1	0/100	1970-01-01 00:00:00
===== END
===== START
D	2f775e8bf745496c95a3e7cbd0dd1d2b	95b4bb0154a24234afb40421252d4ef3	2025-11-27 14:47:07	2025-11-27 14:47:07	2025-11-26 10:59:00								n	0/1	0/100	1970-01-01 00:00:00
===== END
===== START
D	b63329358b374accb84aa856b1a5e1f3	ab58aa44937d46868c244b285cd88483	2025-11-27 14:47:07	2025-11-27 14:47:07	2025-11-27 10:59:00								n	0/1	0/100	1970-01-01 00:00:00
===== END
