mod	trans_guid	split_guid	time_now	date_entered	date_posted	acc_guid	acc_name	num	description	notes	memo	action	reconciled	amount	value	date_reconciled
-----------------
===== START
===== END
===== START
===== END
===== START
===== END
===== START
===== END
===== START
===== END
===== START
===== END
===== START
===== END
===== START
C	6aef5f681b7447f586709d999fbea502	ef43e6e9cebf40deba1dfc94f3726cbb	2025-12-02 13:29:39	2025-12-02 13:29:39	2025-11-27 10:59:00	948843288c91401d9248b3a834309a60	伙食费		美团小象超市111.32				n	11132/100	11132/100	1970-01-01 00:00:00
C	6aef5f681b7447f586709d999fbea502	1963d8680c6142acadab15056974b735	2025-12-02 13:29:39	2025-12-02 13:29:39	2025-11-27 10:59:00	009bbba326a84918ba422550433d1137	活期存款		美团小象超市111.32				n	-11132/100	-11132/100	1970-01-01 00:00:00
===== END
===== START
===== END
