mod	trans_guid	split_guid	time_now	date_entered	date_posted	acc_guid	acc_name	num	description	notes	memo	action	reconciled	amount	value	date_reconciled
-----------------
===== START
D	f1956d1970574295b41e688c8d492de1	ecf89dd3348542f981c884e1d76ea520	2025-11-26 10:29:16	2025-11-26 10:29:16	2025-11-26 10:59:00								n	0/1	0/100	1970-01-01 00:00:00
===== END
===== START
D	40e88fa24ae44885be547dbac9d3de6d	b06d2320a194472aaa700fab168daa2d	2025-11-26 10:29:16	2025-11-26 10:29:16	2025-11-26 10:59:00								n	0/1	0/100	1970-01-01 00:00:00
===== END
===== START
D	b6790e788e664b098d2d9d646a36e4fa	122d4e1a635a4f588e068144c5361327	2025-11-26 10:29:16	2025-11-26 10:29:16	2025-11-26 10:59:00								n	0/1	0/100	1970-01-01 00:00:00
===== END
===== START
D	4ce1d3c6b09a45dab9d4c46b5e878a6c	f0a8a2436e2148158ddc562b531a8187	2025-11-26 10:29:16	2025-11-26 10:29:16	2025-11-26 10:59:00								n	0/1	0/100	1970-01-01 00:00:00
===== END
===== START
D	ce2e73062741440ca1b34fd55af951bb	9c57b3783378489e8e675a4778009cbf	2025-11-26 10:29:16	2025-11-26 10:29:16	2025-11-26 10:59:00								n	0/1	0/100	1970-01-01 00:00:00
===== END
===== START
D	4b9474d970cf417683c1a02255657ee7	33f0fccf4ce44e5fa6d373f5f84a7bb5	2025-11-26 10:29:16	2025-11-26 10:29:16	2025-11-26 10:59:00								n	0/1	0/100	1970-01-01 00:00:00
===== END
