mod	trans_guid	split_guid	time_now	date_entered	date_posted	acc_guid	acc_name	num	description	notes	memo	action	reconciled	amount	value	date_reconciled
-----------------
===== START
C	ef74c4cd7c5b42239db15e02df1c80fe	d9e76a2f666a4e65900fd7117b225b2c	2025-12-02 13:48:49	2025-12-02 13:48:49	2025-12-01 10:59:00	948843288c91401d9248b3a834309a60	伙食费		早餐4.5				n	450/100	450/100	1970-01-01 00:00:00
C	ef74c4cd7c5b42239db15e02df1c80fe	fe56b05cd1ae43b4aac75595cc80d754	2025-12-02 13:48:49	2025-12-02 13:48:49	2025-12-01 10:59:00	009bbba326a84918ba422550433d1137	活期存款		早餐4.5				n	-450/100	-450/100	1970-01-01 00:00:00
===== END
===== START
===== END
===== START
C	d1c44486fc3749d8ae33f697727e9340	84524d576dd64b6684ca533e2e16e975	2025-12-02 13:49:11	2025-12-02 13:49:11	2025-12-01 10:59:00	948843288c91401d9248b3a834309a60	伙食费		午餐8.8				n	880/100	880/100	1970-01-01 00:00:00
C	d1c44486fc3749d8ae33f697727e9340	5b196d85f6244733b4a3042aa7de2154	2025-12-02 13:49:11	2025-12-02 13:49:11	2025-12-01 10:59:00	009bbba326a84918ba422550433d1137	活期存款		午餐8.8				n	-880/100	-880/100	1970-01-01 00:00:00
===== END
===== START
===== END
===== START
B	d1c44486fc3749d8ae33f697727e9340	84524d576dd64b6684ca533e2e16e975	2025-12-02 13:49:31	2025-12-02 13:49:11	2025-12-01 10:59:00	948843288c91401d9248b3a834309a60	伙食费		午餐8.8				n	880/100	880/100	1970-01-01 00:00:00
B	d1c44486fc3749d8ae33f697727e9340	5b196d85f6244733b4a3042aa7de2154	2025-12-02 13:49:31	2025-12-02 13:49:11	2025-12-01 10:59:00	009bbba326a84918ba422550433d1137	活期存款		午餐8.8				n	-880/100	-880/100	1970-01-01 00:00:00
===== END
===== START
C	d1c44486fc3749d8ae33f697727e9340	84524d576dd64b6684ca533e2e16e975	2025-12-02 13:49:31	2025-12-02 13:49:11	2025-12-01 10:59:00	948843288c91401d9248b3a834309a60	伙食费		午餐5.3				n	530/100	530/100	1970-01-01 00:00:00
C	d1c44486fc3749d8ae33f697727e9340	5b196d85f6244733b4a3042aa7de2154	2025-12-02 13:49:31	2025-12-02 13:49:11	2025-12-01 10:59:00	009bbba326a84918ba422550433d1137	活期存款		午餐5.3				n	-530/100	-530/100	1970-01-01 00:00:00
===== END
===== START
===== END
===== START
C	e4abc88881fb41a7a510ea406e5ec766	539fa8a53ebb45cd9fd511b4c6a8c329	2025-12-02 13:50:10	2025-12-02 13:50:10	2025-12-01 10:59:00	6d623026e2ba482e841c4f0e051820a8	礼品		给外甥积木玩具				n	16780/100	16780/100	1970-01-01 00:00:00
C	e4abc88881fb41a7a510ea406e5ec766	353fe2459d014e1fad34b8a1003cffbf	2025-12-02 13:50:10	2025-12-02 13:50:10	2025-12-01 10:59:00	009bbba326a84918ba422550433d1137	活期存款		给外甥积木玩具				n	-16780/100	-16780/100	1970-01-01 00:00:00
===== END
===== START
===== END
