mod	trans_guid	split_guid	time_now	date_entered	date_posted	acc_guid	acc_name	num	description	notes	memo	action	reconciled	amount	value	date_reconciled
-----------------
===== START
B	42f97b343f254b3486648c30f699f069	5c439337db594531bdccb3f1f3f0e9c5	2025-11-22 14:39:21	2025-11-22 01:59:41	2025-11-22 10:59:00	009bbba326a84918ba422550433d1137	活期存款		20251122现金余额				n	1989102/100	1989102/100	1970-01-01 00:00:00
B	42f97b343f254b3486648c30f699f069	3a1cce5bb32a4d6a89297912a905d89f	2025-11-22 14:39:21	2025-11-22 01:59:41	2025-11-22 10:59:00	3627b63d8f264acaaa94eb1c0400e0e6	期初余额		20251122现金余额				n	-1989102/100	-1989102/100	1970-01-01 00:00:00
===== END
===== START
C	42f97b343f254b3486648c30f699f069	5c439337db594531bdccb3f1f3f0e9c5	2025-11-22 14:39:21	2025-11-22 01:59:41	2025-11-22 10:59:00	009bbba326a84918ba422550433d1137	活期存款		20251122现金余额				c	1989102/100	1989102/100	1970-01-01 00:00:00
C	42f97b343f254b3486648c30f699f069	3a1cce5bb32a4d6a89297912a905d89f	2025-11-22 14:39:21	2025-11-22 01:59:41	2025-11-22 10:59:00	3627b63d8f264acaaa94eb1c0400e0e6	期初余额		20251122现金余额				n	-1989102/100	-1989102/100	1970-01-01 00:00:00
===== END
===== START
B	02fa86cbf5c640fba4e469ac2d41e17a	f63e988d66c24c48b01f3fc93bfc7ef3	2025-11-22 14:39:24	2025-11-22 07:01:15	2025-11-22 10:59:00	35149f5d194c47f287c5a3cf8b53b7b2	其他应收款		借给张硕4000元				n	400000/100	400000/100	1970-01-01 00:00:00
B	02fa86cbf5c640fba4e469ac2d41e17a	e30b9b3b29084992832dbc2f6b219e71	2025-11-22 14:39:24	2025-11-22 07:01:15	2025-11-22 10:59:00	009bbba326a84918ba422550433d1137	活期存款		借给张硕4000元				n	-400000/100	-400000/100	1970-01-01 00:00:00
===== END
===== START
C	02fa86cbf5c640fba4e469ac2d41e17a	f63e988d66c24c48b01f3fc93bfc7ef3	2025-11-22 14:39:24	2025-11-22 07:01:15	2025-11-22 10:59:00	35149f5d194c47f287c5a3cf8b53b7b2	其他应收款		借给张硕4000元				n	400000/100	400000/100	1970-01-01 00:00:00
C	02fa86cbf5c640fba4e469ac2d41e17a	e30b9b3b29084992832dbc2f6b219e71	2025-11-22 14:39:24	2025-11-22 07:01:15	2025-11-22 10:59:00	009bbba326a84918ba422550433d1137	活期存款		借给张硕4000元				c	-400000/100	-400000/100	1970-01-01 00:00:00
===== END
===== START
B	bbdfceaa5b9d456bb376b14b2f50e19a	6afaa73beb4d417bb50652893536f611	2025-11-22 14:39:26	2025-11-22 07:17:01	2025-11-22 10:59:00	6d623026e2ba482e841c4f0e051820a8	礼品		罗小黑玩偶1.78拼多多				n	178/100	178/100	1970-01-01 00:00:00
B	bbdfceaa5b9d456bb376b14b2f50e19a	b3b1620406854ff1ab86074a8dcba8d2	2025-11-22 14:39:26	2025-11-22 07:17:01	2025-11-22 10:59:00	009bbba326a84918ba422550433d1137	活期存款		罗小黑玩偶1.78拼多多				n	-178/100	-178/100	1970-01-01 00:00:00
===== END
===== START
C	bbdfceaa5b9d456bb376b14b2f50e19a	6afaa73beb4d417bb50652893536f611	2025-11-22 14:39:26	2025-11-22 07:17:01	2025-11-22 10:59:00	6d623026e2ba482e841c4f0e051820a8	礼品		罗小黑玩偶1.78拼多多				n	178/100	178/100	1970-01-01 00:00:00
C	bbdfceaa5b9d456bb376b14b2f50e19a	b3b1620406854ff1ab86074a8dcba8d2	2025-11-22 14:39:26	2025-11-22 07:17:01	2025-11-22 10:59:00	009bbba326a84918ba422550433d1137	活期存款		罗小黑玩偶1.78拼多多				n	-178/100	-178/100	1970-01-01 00:00:00
===== END
===== START
B	02fa86cbf5c640fba4e469ac2d41e17a	f63e988d66c24c48b01f3fc93bfc7ef3	2025-11-22 14:39:27	2025-11-22 07:01:15	2025-11-22 10:59:00	35149f5d194c47f287c5a3cf8b53b7b2	其他应收款		借给张硕4000元				n	400000/100	400000/100	1970-01-01 00:00:00
B	02fa86cbf5c640fba4e469ac2d41e17a	e30b9b3b29084992832dbc2f6b219e71	2025-11-22 14:39:27	2025-11-22 07:01:15	2025-11-22 10:59:00	009bbba326a84918ba422550433d1137	活期存款		借给张硕4000元				c	-400000/100	-400000/100	1970-01-01 00:00:00
===== END
===== START
C	02fa86cbf5c640fba4e469ac2d41e17a	f63e988d66c24c48b01f3fc93bfc7ef3	2025-11-22 14:39:27	2025-11-22 07:01:15	2025-11-22 10:59:00	35149f5d194c47f287c5a3cf8b53b7b2	其他应收款		借给张硕4000元				n	400000/100	400000/100	1970-01-01 00:00:00
C	02fa86cbf5c640fba4e469ac2d41e17a	e30b9b3b29084992832dbc2f6b219e71	2025-11-22 14:39:27	2025-11-22 07:01:15	2025-11-22 10:59:00	009bbba326a84918ba422550433d1137	活期存款		借给张硕4000元				n	-400000/100	-400000/100	1970-01-01 00:00:00
===== END
===== START
C	954bc28cb68a41c3ba589ec57f83427b	c876aa13c1b14465b4a4083ea72e848b	2025-11-22 14:41:23	2025-11-22 14:41:23	2024-05-09 10:59:00	9157011e74b24eb0bbcf84c24436c996	电子设备		金百达银爵16GB*2				n	48900/100	48900/100	1970-01-01 00:00:00
C	954bc28cb68a41c3ba589ec57f83427b	af0d181398214762bc62dd2eb1c3a075	2025-11-22 14:41:23	2025-11-22 14:41:23	2024-05-09 10:59:00	3627b63d8f264acaaa94eb1c0400e0e6	期初余额		金百达银爵16GB*2				n	-48900/100	-48900/100	1970-01-01 00:00:00
===== END
===== START
===== END
===== START
B	42f97b343f254b3486648c30f699f069	5c439337db594531bdccb3f1f3f0e9c5	2025-11-22 14:41:30	2025-11-22 01:59:41	2025-11-22 10:59:00	009bbba326a84918ba422550433d1137	活期存款		20251122现金余额				c	1989102/100	1989102/100	1970-01-01 00:00:00
B	42f97b343f254b3486648c30f699f069	3a1cce5bb32a4d6a89297912a905d89f	2025-11-22 14:41:30	2025-11-22 01:59:41	2025-11-22 10:59:00	3627b63d8f264acaaa94eb1c0400e0e6	期初余额		20251122现金余额				n	-1989102/100	-1989102/100	1970-01-01 00:00:00
===== END
===== START
C	42f97b343f254b3486648c30f699f069	5c439337db594531bdccb3f1f3f0e9c5	2025-11-22 14:41:30	2025-11-22 01:59:41	2025-11-22 10:59:00	009bbba326a84918ba422550433d1137	活期存款		20251122现金余额				n	1989102/100	1989102/100	1970-01-01 00:00:00
C	42f97b343f254b3486648c30f699f069	3a1cce5bb32a4d6a89297912a905d89f	2025-11-22 14:41:30	2025-11-22 01:59:41	2025-11-22 10:59:00	3627b63d8f264acaaa94eb1c0400e0e6	期初余额		20251122现金余额				n	-1989102/100	-1989102/100	1970-01-01 00:00:00
===== END
