mod	trans_guid	split_guid	time_now	date_entered	date_posted	acc_guid	acc_name	num	description	notes	memo	action	reconciled	amount	value	date_reconciled
-----------------
===== START
===== END
===== START
===== END
===== START
===== END
===== START
===== END
===== START
===== END
===== START
===== END
===== START
===== END
===== START
===== END
===== START
===== END
===== START
===== END
===== START
===== END
===== START
===== END
===== START
===== END
===== START
===== END
===== START
C	e280e303d6694d7f80c52455d9880e93	8f143737e0c34ed2a9b2b8ee423db5c1	2025-12-19 12:28:48	2025-12-19 12:28:48	2025-12-19 10:59:00	2b84ea9329c34c0198bc15c69d9acb66	其他收入		出差补贴				n	-26700/100	-26700/100	1970-01-01 00:00:00
C	e280e303d6694d7f80c52455d9880e93	a9d28e579bd841508294251d9b23b005	2025-12-19 12:28:48	2025-12-19 12:28:48	2025-12-19 10:59:00	009bbba326a84918ba422550433d1137	活期存款		出差补贴				n	26700/100	26700/100	1970-01-01 00:00:00
===== END
===== START
===== END
