mod	trans_guid	split_guid	time_now	date_entered	date_posted	acc_guid	acc_name	num	description	notes	memo	action	reconciled	amount	value	date_reconciled
-----------------
===== START
===== END
===== START
===== END
===== START
===== END
===== START
===== END
===== START
===== END
===== START
D	35171717efd6475193a4a710177bca20	83694819c768456cb4b1f41c8698b82b	2025-11-23 15:25:08	2025-11-23 15:25:08	2025-11-23 10:59:00								n	0/1	0/100	1970-01-01 00:00:00
===== END
===== START
D	3c5782dffcde48feb8ffb5f6e24dcd29	3e6f8a4668fa49c28a96ba5896622ce9	2025-11-23 15:25:08	2025-11-23 15:25:08	2025-11-23 10:59:00								n	0/1	0/100	1970-01-01 00:00:00
===== END
===== START
D	5452291fc27742879493882adf6c7035	f634b2a242b2463c832e68ba7563b26e	2025-11-23 15:25:08	2025-11-23 15:25:08	2025-11-23 10:59:00								n	0/1	0/100	1970-01-01 00:00:00
===== END
===== START
D	6cc3e8c771aa4b0a841aceaaa6293e69	747da82b4bfa402cb2ab273c15067e72	2025-11-23 15:25:08	2025-11-23 15:25:08	2025-11-23 10:59:00								n	0/1	0/100	1970-01-01 00:00:00
===== END
===== START
D	83f13f5b2a804d89bef6dffe3aa4b323	78458bac521a45819d9ccb739f140b27	2025-11-23 15:25:08	2025-11-23 15:25:08	2025-11-23 10:59:00								n	0/1	0/100	1970-01-01 00:00:00
===== END
